<?xml version="1.0" encoding="UTF-8" ?>
<testsuite errors="0" failures="0" hostname="linux-gn5m" name="qotd.QuoteServiceSpec" skipped="0" tests="1" time="2.443" timestamp="2018-04-03T03:49:15">
  <properties />
  <testcase classname="qotd.QuoteServiceSpec" name="test something" time="2.358" />
  <system-out><![CDATA[--Output from test something--
]]></system-out>
  <system-err><![CDATA[--Output from test something--
]]></system-err>
</testsuite>
