<?xml version="1.0" encoding="UTF-8" ?>
<testsuite errors="0" failures="0" hostname="linux-gn5m" name="qotd.QuoteServiceIntegrationSpec" skipped="0" tests="1" time="0.252" timestamp="2018-04-03T03:49:32">
  <properties />
  <testcase classname="qotd.QuoteServiceIntegrationSpec" name="test something" time="0.24" />
  <system-out><![CDATA[--Output from test something--
]]></system-out>
  <system-err><![CDATA[--Output from test something--
]]></system-err>
</testsuite>
